13:23:18 DEBUG:   [1m[36m (316.1ms)[0m  [1mCREATE TABLE `schema_migrations` (`version` varchar(255) NOT NULL) ENGINE=InnoDB[0m 
13:23:19 DEBUG:   [1m[35m (821.8ms)[0m  CREATE UNIQUE INDEX `unique_schema_migrations` ON `schema_migrations` (`version`)  
13:23:19 DEBUG:   [1m[36mActiveRecord::SchemaMigration Load (3.8ms)[0m  [1mSELECT `schema_migrations`.* FROM `schema_migrations`[0m 
13:23:19 INFO: Migrating to CreateUsers (20140329035138) 
13:23:19 DEBUG:   [1m[35m (301.4ms)[0m  CREATE TABLE `users` (`id` int(11) DEFAULT NULL auto_increment PRIMARY KEY, `name` varchar(255), `account` int(11), `balance` float, `pin` int(11), `created_at` datetime, `updated_at` datetime) ENGINE=InnoDB 
13:23:19 DEBUG:   [1m[36mSQL (0.6ms)[0m  [1mBEGIN[0m 
13:23:19 DEBUG:   [1m[35mSQL (1.7ms)[0m  INSERT INTO `schema_migrations` (`version`) VALUES (?)  [["version", "20140329035138"]] 
13:23:20 DEBUG:   [1m[36m (179.9ms)[0m  [1mCOMMIT[0m 
13:23:20 DEBUG:   [1m[35mActiveRecord::SchemaMigration Load (1.1ms)[0m  SELECT `schema_migrations`.* FROM `schema_migrations` 
13:28:18 DEBUG:  
13:28:18 DEBUG:  
13:28:18 INFO: Started GET "/" for 127.0.0.1 at 2015-03-10 13:28:18 +0530 
13:28:18 DEBUG:   [1m[36mActiveRecord::SchemaMigration Load (2.8ms)[0m  [1mSELECT `schema_migrations`.* FROM `schema_migrations`[0m 
13:28:18 INFO: Processing by UsersController#index as HTML 
13:28:18 INFO: Index User info 
13:28:18 INFO: sample text 
13:28:18 WARN: DEPRECATION WARNING: Calling #find(:first) is deprecated. Please call #first directly instead. You have also used finder options. These are also deprecated. Please build a scope instead of using finder options. (called from index at /home/verexo/git/anytimemoney/app/controllers/users_controller.rb:6) 
13:28:18 DEBUG:   [1m[35mUser Load (1.3ms)[0m  SELECT `users`.* FROM `users` WHERE (account = NULL) ORDER BY `users`.`id` ASC LIMIT 1 
13:28:18 INFO:   Rendered users/index.html.erb within layouts/application (10.8ms) 
13:28:19 INFO: Completed 200 OK in 642ms (Views: 599.6ms | ActiveRecord: 2.8ms) 
13:28:19 DEBUG:  
13:28:19 DEBUG:  
13:28:19 INFO: Started GET "/assets/application.css?body=1" for 127.0.0.1 at 2015-03-10 13:28:19 +0530 
13:28:19 DEBUG:  
13:28:19 DEBUG:  
13:28:19 INFO: Started GET "/assets/users.css?body=1" for 127.0.0.1 at 2015-03-10 13:28:19 +0530 
13:28:19 DEBUG:  
13:28:19 DEBUG:  
13:28:19 INFO: Started GET "/assets/jquery.js?body=1" for 127.0.0.1 at 2015-03-10 13:28:19 +0530 
13:28:19 DEBUG:  
13:28:19 DEBUG:  
13:28:19 INFO: Started GET "/assets/users.js?body=1" for 127.0.0.1 at 2015-03-10 13:28:19 +0530 
13:28:19 DEBUG:  
13:28:19 DEBUG:  
13:28:19 INFO: Started GET "/assets/jquery_ujs.js?body=1" for 127.0.0.1 at 2015-03-10 13:28:19 +0530 
13:28:19 DEBUG:  
13:28:19 DEBUG:  
13:28:19 INFO: Started GET "/assets/turbolinks.js?body=1" for 127.0.0.1 at 2015-03-10 13:28:19 +0530 
13:28:19 DEBUG:  
13:28:19 DEBUG:  
13:28:19 INFO: Started GET "/assets/application.js?body=1" for 127.0.0.1 at 2015-03-10 13:28:19 +0530 
13:28:23 DEBUG:  
13:28:23 DEBUG:  
13:28:23 INFO: Started POST "/users/create" for 127.0.0.1 at 2015-03-10 13:28:23 +0530 
13:28:24 INFO: Processing by UsersController#create as HTML 
13:28:24 INFO:   Parameters: {"utf8"=>"✓", "authenticity_token"=>"Ikv0jrU0nJOOL6qLWh5P+Z0FTU/JVX7x+YmyJFdfErc=", "account"=>"1206", "commit"=>"LookUpAccount"} 
13:28:24 WARN: DEPRECATION WARNING: Calling #find(:first) is deprecated. Please call #first directly instead. You have also used finder options. These are also deprecated. Please build a scope instead of using finder options. (called from create at /home/verexo/git/anytimemoney/app/controllers/users_controller.rb:26) 
13:28:24 DEBUG:   [1m[36mUser Load (1.5ms)[0m  [1mSELECT `users`.* FROM `users` WHERE (account = '1206') ORDER BY `users`.`id` ASC LIMIT 1[0m 
13:28:24 INFO: Redirected to http://localhost:3000/signup 
13:28:24 INFO: Completed 302 Found in 5ms (ActiveRecord: 1.5ms) 
13:28:24 DEBUG:  
13:28:24 DEBUG:  
13:28:24 INFO: Started GET "/signup" for 127.0.0.1 at 2015-03-10 13:28:24 +0530 
13:28:24 INFO: Processing by UsersController#new as HTML 
13:28:24 INFO: Index the userdetails 
13:28:24 INFO:   Rendered users/new.html.erb within layouts/application (3.2ms) 
13:28:24 INFO: Completed 200 OK in 14ms (Views: 10.1ms | ActiveRecord: 1.8ms) 
13:28:40 DEBUG:  
13:28:40 DEBUG:  
13:28:40 INFO: Started POST "/signup" for 127.0.0.1 at 2015-03-10 13:28:40 +0530 
13:28:40 INFO: Processing by UsersController#create as HTML 
13:28:40 INFO:   Parameters: {"utf8"=>"✓", "authenticity_token"=>"Ikv0jrU0nJOOL6qLWh5P+Z0FTU/JVX7x+YmyJFdfErc=", "name"=>"Devraj", "account"=>"1206", "balance"=>"500000", "pin"=>"1206", "commit"=>"SignUp"} 
13:28:40 DEBUG: Unpermitted parameters: utf8, authenticity_token, commit 
13:28:40 DEBUG:   [1m[35mSQL (0.3ms)[0m  BEGIN 
13:28:40 DEBUG:   [1m[36mSQL (2.8ms)[0m  [1mINSERT INTO `users` (`account`, `balance`, `created_at`, `name`, `pin`, `updated_at`) VALUES (?, ?, ?, ?, ?, ?)[0m  [["account", 1206], ["balance", 500000.0], ["created_at", Tue, 10 Mar 2015 07:58:40 UTC +00:00], ["name", "Devraj"], ["pin", 1206], ["updated_at", Tue, 10 Mar 2015 07:58:40 UTC +00:00]] 
13:28:40 DEBUG:   [1m[35m (309.7ms)[0m  COMMIT 
13:28:40 INFO: Redirected to http://localhost:3000/ 
13:28:40 INFO: Completed 302 Found in 333ms (ActiveRecord: 312.8ms) 
13:28:40 DEBUG:  
13:28:40 DEBUG:  
13:28:40 INFO: Started GET "/" for 127.0.0.1 at 2015-03-10 13:28:40 +0530 
13:28:40 INFO: Processing by UsersController#index as HTML 
13:28:40 INFO: Index User info 
13:28:40 INFO: sample text 
13:28:40 WARN: DEPRECATION WARNING: Calling #find(:first) is deprecated. Please call #first directly instead. You have also used finder options. These are also deprecated. Please build a scope instead of using finder options. (called from index at /home/verexo/git/anytimemoney/app/controllers/users_controller.rb:6) 
13:28:40 DEBUG:   [1m[36mUser Load (1.0ms)[0m  [1mSELECT `users`.* FROM `users` WHERE (account = NULL) ORDER BY `users`.`id` ASC LIMIT 1[0m 
13:28:40 INFO:   Rendered users/index.html.erb within layouts/application (0.8ms) 
13:28:40 INFO: Completed 200 OK in 12ms (Views: 6.3ms | ActiveRecord: 1.0ms) 
13:28:50 DEBUG:  
13:28:50 DEBUG:  
13:28:50 INFO: Started POST "/users/create" for 127.0.0.1 at 2015-03-10 13:28:50 +0530 
13:28:50 INFO: Processing by UsersController#create as HTML 
13:28:50 INFO:   Parameters: {"utf8"=>"✓", "authenticity_token"=>"Ikv0jrU0nJOOL6qLWh5P+Z0FTU/JVX7x+YmyJFdfErc=", "account"=>"1206", "commit"=>"LookUpAccount"} 
13:28:50 WARN: DEPRECATION WARNING: Calling #find(:first) is deprecated. Please call #first directly instead. You have also used finder options. These are also deprecated. Please build a scope instead of using finder options. (called from create at /home/verexo/git/anytimemoney/app/controllers/users_controller.rb:26) 
13:28:50 DEBUG:   [1m[35mUser Load (58.1ms)[0m  SELECT `users`.* FROM `users` WHERE (account = '1206') ORDER BY `users`.`id` ASC LIMIT 1 
13:28:50 INFO: Redirected to http://localhost:3000/pin_check 
13:28:50 INFO: Completed 302 Found in 64ms (ActiveRecord: 58.1ms) 
13:28:50 DEBUG:  
13:28:50 DEBUG:  
13:28:50 INFO: Started GET "/pin_check" for 127.0.0.1 at 2015-03-10 13:28:50 +0530 
13:28:50 INFO: Processing by UsersController#create as HTML 
13:28:50 INFO:   Rendered users/create.html.erb within layouts/application (1.1ms) 
13:28:50 INFO: Completed 200 OK in 11ms (Views: 9.5ms | ActiveRecord: 0.0ms) 
13:28:53 DEBUG:  
13:28:53 DEBUG:  
13:28:53 INFO: Started POST "/users/create" for 127.0.0.1 at 2015-03-10 13:28:53 +0530 
13:28:53 INFO: Processing by UsersController#create as HTML 
13:28:53 INFO:   Parameters: {"utf8"=>"✓", "authenticity_token"=>"Ikv0jrU0nJOOL6qLWh5P+Z0FTU/JVX7x+YmyJFdfErc=", "pin"=>"1206", "commit"=>"CheckPin"} 
13:28:53 WARN: DEPRECATION WARNING: Calling #find(:first) is deprecated. Please call #first directly instead. You have also used finder options. These are also deprecated. Please build a scope instead of using finder options. (called from create at /home/verexo/git/anytimemoney/app/controllers/users_controller.rb:35) 
13:28:53 DEBUG:   [1m[36mUser Load (1.3ms)[0m  [1mSELECT `users`.* FROM `users` WHERE (pin = '1206') ORDER BY `users`.`id` ASC LIMIT 1[0m 
13:28:53 INFO: Redirected to http://localhost:3000/home 
13:28:53 INFO: Completed 302 Found in 6ms (ActiveRecord: 1.3ms) 
13:28:53 DEBUG:  
13:28:53 DEBUG:  
13:28:53 INFO: Started GET "/home" for 127.0.0.1 at 2015-03-10 13:28:53 +0530 
13:28:53 INFO: Processing by UsersController#home as HTML 
13:28:53 DEBUG:   [1m[35mUser Load (2.1ms)[0m  SELECT `users`.* FROM `users` WHERE `users`.`id` = ? LIMIT 1  [["id", 1]] 
13:28:53 INFO:   Rendered users/home.html.erb within layouts/application (5.3ms) 
13:28:53 INFO: Completed 200 OK in 20ms (Views: 14.6ms | ActiveRecord: 2.1ms) 
13:29:05 DEBUG:  
13:29:05 DEBUG:  
13:29:05 INFO: Started POST "/users/deposite_money" for 127.0.0.1 at 2015-03-10 13:29:05 +0530 
13:29:05 INFO: Processing by UsersController#deposite_money as HTML 
13:29:05 INFO:   Parameters: {"utf8"=>"✓", "authenticity_token"=>"Ikv0jrU0nJOOL6qLWh5P+Z0FTU/JVX7x+YmyJFdfErc=", "balance"=>"500000", "commit"=>"Deposite"} 
13:29:05 DEBUG:   [1m[36mUser Load (0.5ms)[0m  [1mSELECT `users`.* FROM `users` WHERE `users`.`id` = ? LIMIT 1[0m  [["id", 1]] 
13:29:05 DEBUG:   [1m[35mSQL (0.5ms)[0m  BEGIN 
13:29:05 DEBUG:   [1m[36mSQL (178.0ms)[0m  [1mUPDATE `users` SET `balance` = ?, `updated_at` = ? WHERE `users`.`id` = 1[0m  [["balance", 1000000.0], ["updated_at", Tue, 10 Mar 2015 07:59:05 UTC +00:00]] 
13:29:06 DEBUG:   [1m[35m (224.8ms)[0m  COMMIT 
13:29:06 INFO: Redirected to http://localhost:3000/deposite_succ 
13:29:06 INFO: Completed 302 Found in 462ms (ActiveRecord: 403.8ms) 
13:29:06 DEBUG:  
13:29:06 DEBUG:  
13:29:06 INFO: Started GET "/deposite_succ" for 127.0.0.1 at 2015-03-10 13:29:06 +0530 
13:29:06 INFO: Processing by UsersController#deposite_succ as HTML 
13:29:06 DEBUG:   [1m[36mUser Load (1.1ms)[0m  [1mSELECT `users`.* FROM `users` WHERE `users`.`id` = ? LIMIT 1[0m  [["id", 1]] 
13:29:06 INFO:   Rendered users/deposite_succ.html.erb within layouts/application (2.4ms) 
13:29:06 INFO: Completed 200 OK in 21ms (Views: 16.0ms | ActiveRecord: 1.1ms) 
13:29:08 DEBUG:  
13:29:08 DEBUG:  
13:29:08 INFO: Started GET "/home" for 127.0.0.1 at 2015-03-10 13:29:08 +0530 
13:29:08 INFO: Processing by UsersController#home as HTML 
13:29:08 DEBUG:   [1m[35mUser Load (0.8ms)[0m  SELECT `users`.* FROM `users` WHERE `users`.`id` = ? LIMIT 1  [["id", 1]] 
13:29:08 INFO:   Rendered users/home.html.erb within layouts/application (5.2ms) 
13:29:08 INFO: Completed 200 OK in 24ms (Views: 19.8ms | ActiveRecord: 0.8ms) 
13:29:20 DEBUG:  
13:29:20 DEBUG:  
13:29:20 INFO: Started GET "/logout" for 127.0.0.1 at 2015-03-10 13:29:20 +0530 
13:29:20 INFO: Processing by UsersController#destroy as HTML 
13:29:20 INFO: Redirected to http://localhost:3000/ 
13:29:20 INFO: Completed 302 Found in 2ms (ActiveRecord: 0.0ms) 
13:29:20 DEBUG:  
13:29:20 DEBUG:  
13:29:20 INFO: Started GET "/" for 127.0.0.1 at 2015-03-10 13:29:20 +0530 
13:29:20 INFO: Processing by UsersController#index as HTML 
13:29:20 INFO: Index User info 
13:29:20 INFO: sample text 
13:29:20 WARN: DEPRECATION WARNING: Calling #find(:first) is deprecated. Please call #first directly instead. You have also used finder options. These are also deprecated. Please build a scope instead of using finder options. (called from index at /home/verexo/git/anytimemoney/app/controllers/users_controller.rb:6) 
13:29:20 DEBUG:   [1m[36mUser Load (1.2ms)[0m  [1mSELECT `users`.* FROM `users` WHERE (account = NULL) ORDER BY `users`.`id` ASC LIMIT 1[0m 
13:29:20 INFO:   Rendered users/index.html.erb within layouts/application (3.3ms) 
13:29:20 INFO: Completed 200 OK in 19ms (Views: 13.9ms | ActiveRecord: 1.2ms) 
13:29:24 DEBUG:  
13:29:24 DEBUG:  
13:29:24 INFO: Started POST "/users/create" for 127.0.0.1 at 2015-03-10 13:29:24 +0530 
13:29:24 INFO: Processing by UsersController#create as HTML 
13:29:24 INFO:   Parameters: {"utf8"=>"✓", "authenticity_token"=>"Ikv0jrU0nJOOL6qLWh5P+Z0FTU/JVX7x+YmyJFdfErc=", "account"=>"1206", "commit"=>"LookUpAccount"} 
13:29:24 WARN: DEPRECATION WARNING: Calling #find(:first) is deprecated. Please call #first directly instead. You have also used finder options. These are also deprecated. Please build a scope instead of using finder options. (called from create at /home/verexo/git/anytimemoney/app/controllers/users_controller.rb:26) 
13:29:24 DEBUG:   [1m[35mUser Load (1.2ms)[0m  SELECT `users`.* FROM `users` WHERE (account = '1206') ORDER BY `users`.`id` ASC LIMIT 1 
13:29:24 INFO: Redirected to http://localhost:3000/pin_check 
13:29:24 INFO: Completed 302 Found in 7ms (ActiveRecord: 1.2ms) 
13:29:24 DEBUG:  
13:29:24 DEBUG:  
13:29:24 INFO: Started GET "/pin_check" for 127.0.0.1 at 2015-03-10 13:29:24 +0530 
13:29:24 INFO: Processing by UsersController#create as HTML 
13:29:24 INFO:   Rendered users/create.html.erb within layouts/application (0.9ms) 
13:29:24 INFO: Completed 200 OK in 12ms (Views: 10.3ms | ActiveRecord: 0.0ms) 
13:29:27 DEBUG:  
13:29:27 DEBUG:  
13:29:27 INFO: Started POST "/users/create" for 127.0.0.1 at 2015-03-10 13:29:27 +0530 
13:29:27 INFO: Processing by UsersController#create as HTML 
13:29:27 INFO:   Parameters: {"utf8"=>"✓", "authenticity_token"=>"Ikv0jrU0nJOOL6qLWh5P+Z0FTU/JVX7x+YmyJFdfErc=", "pin"=>"1206", "commit"=>"CheckPin"} 
13:29:27 WARN: DEPRECATION WARNING: Calling #find(:first) is deprecated. Please call #first directly instead. You have also used finder options. These are also deprecated. Please build a scope instead of using finder options. (called from create at /home/verexo/git/anytimemoney/app/controllers/users_controller.rb:35) 
13:29:27 DEBUG:   [1m[36mUser Load (1.4ms)[0m  [1mSELECT `users`.* FROM `users` WHERE (pin = '1206') ORDER BY `users`.`id` ASC LIMIT 1[0m 
13:29:27 INFO: Redirected to http://localhost:3000/home 
13:29:27 INFO: Completed 302 Found in 7ms (ActiveRecord: 1.4ms) 
13:29:27 DEBUG:  
13:29:27 DEBUG:  
13:29:27 INFO: Started GET "/home" for 127.0.0.1 at 2015-03-10 13:29:27 +0530 
13:29:27 INFO: Processing by UsersController#home as HTML 
13:29:27 DEBUG:   [1m[35mUser Load (0.5ms)[0m  SELECT `users`.* FROM `users` WHERE `users`.`id` = ? LIMIT 1  [["id", 1]] 
13:29:27 INFO:   Rendered users/home.html.erb within layouts/application (2.4ms) 
13:29:27 INFO: Completed 200 OK in 15ms (Views: 11.6ms | ActiveRecord: 0.5ms) 
13:29:35 DEBUG:  
13:29:35 DEBUG:  
13:29:35 INFO: Started GET "/logout" for 127.0.0.1 at 2015-03-10 13:29:35 +0530 
13:29:35 INFO: Processing by UsersController#destroy as HTML 
13:29:35 INFO: Redirected to http://localhost:3000/ 
13:29:35 INFO: Completed 302 Found in 3ms (ActiveRecord: 0.0ms) 
13:29:35 DEBUG:  
13:29:35 DEBUG:  
13:29:35 INFO: Started GET "/" for 127.0.0.1 at 2015-03-10 13:29:35 +0530 
13:29:35 INFO: Processing by UsersController#index as HTML 
13:29:35 INFO: Index User info 
13:29:35 INFO: sample text 
13:29:35 WARN: DEPRECATION WARNING: Calling #find(:first) is deprecated. Please call #first directly instead. You have also used finder options. These are also deprecated. Please build a scope instead of using finder options. (called from index at /home/verexo/git/anytimemoney/app/controllers/users_controller.rb:6) 
13:29:35 DEBUG:   [1m[36mUser Load (0.6ms)[0m  [1mSELECT `users`.* FROM `users` WHERE (account = NULL) ORDER BY `users`.`id` ASC LIMIT 1[0m 
13:29:35 INFO:   Rendered users/index.html.erb within layouts/application (0.7ms) 
13:29:35 INFO: Completed 200 OK in 10ms (Views: 7.2ms | ActiveRecord: 0.6ms) 
13:55:44 DEBUG:  
13:55:44 DEBUG:  
13:55:44 INFO: Started GET "/" for 127.0.0.1 at 2015-03-10 13:55:44 +0530 
13:55:44 DEBUG:   [1m[36mActiveRecord::SchemaMigration Load (1.7ms)[0m  [1mSELECT `schema_migrations`.* FROM `schema_migrations`[0m 
13:55:44 INFO: Processing by UsersController#index as HTML 
13:55:44 INFO: Index User info 
13:55:44 INFO: sample text 
13:55:44 WARN: DEPRECATION WARNING: Calling #find(:first) is deprecated. Please call #first directly instead. You have also used finder options. These are also deprecated. Please build a scope instead of using finder options. (called from index at /home/verexo/git/anytimemoney/app/controllers/users_controller.rb:6) 
13:55:44 DEBUG:   [1m[35mUser Load (0.6ms)[0m  SELECT `users`.* FROM `users` WHERE (account = NULL) ORDER BY `users`.`id` ASC LIMIT 1 
13:55:44 INFO:   Rendered users/index.html.erb within layouts/application (2.9ms) 
13:55:44 INFO: Completed 200 OK in 84ms (Views: 45.8ms | ActiveRecord: 2.1ms) 
13:55:44 DEBUG:  
13:55:44 DEBUG:  
13:55:44 INFO: Started GET "/assets/jquery_ujs.js?body=1" for 127.0.0.1 at 2015-03-10 13:55:44 +0530 
13:55:44 DEBUG:  
13:55:44 DEBUG:  
13:55:44 INFO: Started GET "/assets/jquery.js?body=1" for 127.0.0.1 at 2015-03-10 13:55:44 +0530 
13:55:44 DEBUG:  
13:55:44 DEBUG:  
13:55:44 INFO: Started GET "/assets/turbolinks.js?body=1" for 127.0.0.1 at 2015-03-10 13:55:44 +0530 
13:55:44 DEBUG:  
13:55:44 DEBUG:  
13:55:44 INFO: Started GET "/assets/application.js?body=1" for 127.0.0.1 at 2015-03-10 13:55:44 +0530 
13:55:53 DEBUG:  
13:55:53 DEBUG:  
13:55:53 INFO: Started POST "/users/create" for 127.0.0.1 at 2015-03-10 13:55:53 +0530 
13:55:53 INFO: Processing by UsersController#create as HTML 
13:55:53 INFO:   Parameters: {"utf8"=>"✓", "authenticity_token"=>"Ikv0jrU0nJOOL6qLWh5P+Z0FTU/JVX7x+YmyJFdfErc=", "account"=>"1206", "commit"=>"LookUpAccount"} 
13:55:53 WARN: DEPRECATION WARNING: Calling #find(:first) is deprecated. Please call #first directly instead. You have also used finder options. These are also deprecated. Please build a scope instead of using finder options. (called from create at /home/verexo/git/anytimemoney/app/controllers/users_controller.rb:26) 
13:55:53 DEBUG:   [1m[36mUser Load (0.4ms)[0m  [1mSELECT `users`.* FROM `users` WHERE (account = '1206') ORDER BY `users`.`id` ASC LIMIT 1[0m 
13:55:53 INFO: Redirected to http://localhost:3000/pin_check 
13:55:53 INFO: Completed 302 Found in 14ms (ActiveRecord: 2.3ms) 
13:55:53 DEBUG:  
13:55:53 DEBUG:  
13:55:53 INFO: Started GET "/pin_check" for 127.0.0.1 at 2015-03-10 13:55:53 +0530 
13:55:53 INFO: Processing by UsersController#create as HTML 
13:55:53 INFO:   Rendered users/create.html.erb within layouts/application (1.1ms) 
13:55:53 INFO: Completed 200 OK in 10ms (Views: 8.1ms | ActiveRecord: 0.0ms) 
13:55:53 DEBUG:  
13:55:53 DEBUG:  
13:55:53 INFO: Started GET "/assets/jquery.js?body=1" for 127.0.0.1 at 2015-03-10 13:55:53 +0530 
13:55:53 DEBUG:  
13:55:53 DEBUG:  
13:55:53 INFO: Started GET "/assets/turbolinks.js?body=1" for 127.0.0.1 at 2015-03-10 13:55:53 +0530 
13:55:53 DEBUG:  
13:55:53 DEBUG:  
13:55:53 INFO: Started GET "/assets/jquery_ujs.js?body=1" for 127.0.0.1 at 2015-03-10 13:55:53 +0530 
13:55:53 DEBUG:  
13:55:53 DEBUG:  
13:55:53 INFO: Started GET "/assets/application.js?body=1" for 127.0.0.1 at 2015-03-10 13:55:53 +0530 
13:55:56 DEBUG:  
13:55:56 DEBUG:  
13:55:56 INFO: Started POST "/users/create" for 127.0.0.1 at 2015-03-10 13:55:56 +0530 
13:55:56 INFO: Processing by UsersController#create as HTML 
13:55:56 INFO:   Parameters: {"utf8"=>"✓", "authenticity_token"=>"Ikv0jrU0nJOOL6qLWh5P+Z0FTU/JVX7x+YmyJFdfErc=", "pin"=>"1206", "commit"=>"CheckPin"} 
13:55:56 WARN: DEPRECATION WARNING: Calling #find(:first) is deprecated. Please call #first directly instead. You have also used finder options. These are also deprecated. Please build a scope instead of using finder options. (called from create at /home/verexo/git/anytimemoney/app/controllers/users_controller.rb:35) 
13:55:56 DEBUG:   [1m[35mUser Load (0.8ms)[0m  SELECT `users`.* FROM `users` WHERE (pin = '1206') ORDER BY `users`.`id` ASC LIMIT 1 
13:55:56 INFO: Redirected to http://localhost:3000/home 
13:55:56 INFO: Completed 302 Found in 6ms (ActiveRecord: 0.8ms) 
13:55:56 DEBUG:  
13:55:56 DEBUG:  
13:55:56 INFO: Started GET "/home" for 127.0.0.1 at 2015-03-10 13:55:56 +0530 
13:55:56 INFO: Processing by UsersController#home as HTML 
13:55:56 DEBUG:   [1m[36mUser Load (1.6ms)[0m  [1mSELECT `users`.* FROM `users` WHERE `users`.`id` = ? LIMIT 1[0m  [["id", 1]] 
13:55:56 INFO:   Rendered users/home.html.erb within layouts/application (5.3ms) 
13:55:56 INFO: Completed 200 OK in 21ms (Views: 15.9ms | ActiveRecord: 1.6ms) 
13:55:57 DEBUG:  
13:55:57 DEBUG:  
13:55:57 INFO: Started GET "/assets/jquery_ujs.js?body=1" for 127.0.0.1 at 2015-03-10 13:55:57 +0530 
13:55:57 DEBUG:  
13:55:57 DEBUG:  
13:55:57 INFO: Started GET "/assets/jquery.js?body=1" for 127.0.0.1 at 2015-03-10 13:55:57 +0530 
13:55:57 DEBUG:  
13:55:57 DEBUG:  
13:55:57 INFO: Started GET "/assets/application.js?body=1" for 127.0.0.1 at 2015-03-10 13:55:57 +0530 
13:55:57 DEBUG:  
13:55:57 DEBUG:  
13:55:57 INFO: Started GET "/assets/turbolinks.js?body=1" for 127.0.0.1 at 2015-03-10 13:55:57 +0530 
13:58:36 DEBUG:   [1m[36mActiveRecord::SchemaMigration Load (2.9ms)[0m  [1mSELECT `schema_migrations`.* FROM `schema_migrations`[0m 
13:58:37 INFO: Processing by UsersController#index as HTML 
13:58:37 INFO: Index User info 
13:58:37 INFO: sample text 
13:58:37 WARN: DEPRECATION WARNING: Calling #find(:first) is deprecated. Please call #first directly instead. You have also used finder options. These are also deprecated. Please build a scope instead of using finder options. (called from index at /home/verexo/git/anytimemoney/app/controllers/users_controller.rb:6) 
13:58:37 DEBUG:   [1m[35mUser Load (0.6ms)[0m  SELECT `users`.* FROM `users` WHERE (account = NULL) ORDER BY `users`.`id` ASC LIMIT 1 
13:58:37 INFO:   Rendered users/index.html.erb within layouts/application (0.7ms) 
13:58:37 INFO: Completed 200 OK in 18ms (Views: 8.8ms | ActiveRecord: 2.1ms) 
13:58:37 DEBUG:   [1m[36mSQL (0.2ms)[0m  [1mBEGIN[0m 
13:58:37 DEBUG:   [1m[35mSQL (3.6ms)[0m  INSERT INTO `users` (`account`, `balance`, `created_at`, `id`, `name`, `pin`, `updated_at`) VALUES (?, ?, ?, ?, ?, ?, ?)  [["account", 1206], ["balance", 500.0], ["created_at", Tue, 10 Mar 2015 08:28:37 UTC +00:00], ["id", 1], ["name", "David"], ["pin", 1234], ["updated_at", Tue, 10 Mar 2015 08:28:37 UTC +00:00]] 
13:58:37 ERROR: Mysql::Error: Duplicate entry '1' for key 'PRIMARY': INSERT INTO `users` (`account`, `balance`, `created_at`, `id`, `name`, `pin`, `updated_at`) VALUES (?, ?, ?, ?, ?, ?, ?) 
13:58:37 DEBUG:   [1m[36m (0.7ms)[0m  [1mROLLBACK[0m 
13:58:37 DEBUG:   [1m[35mUser Load (1.0ms)[0m  SELECT `users`.* FROM `users` WHERE `users`.`account` = 1206 LIMIT 1 
13:58:37 DEBUG:   [1m[36mUser Load (0.4ms)[0m  [1mSELECT `users`.* FROM `users` WHERE `users`.`account` = 1206 LIMIT 1[0m 
13:59:25 DEBUG:   [1m[36mActiveRecord::SchemaMigration Load (1.4ms)[0m  [1mSELECT `schema_migrations`.* FROM `schema_migrations`[0m 
13:59:25 INFO: Processing by UsersController#index as HTML 
13:59:25 INFO: Index User info 
13:59:25 INFO: sample text 
13:59:25 WARN: DEPRECATION WARNING: Calling #find(:first) is deprecated. Please call #first directly instead. You have also used finder options. These are also deprecated. Please build a scope instead of using finder options. (called from index at /home/verexo/git/anytimemoney/app/controllers/users_controller.rb:6) 
13:59:25 DEBUG:   [1m[35mUser Load (0.6ms)[0m  SELECT `users`.* FROM `users` WHERE (account = NULL) ORDER BY `users`.`id` ASC LIMIT 1 
13:59:25 INFO:   Rendered users/index.html.erb within layouts/application (0.4ms) 
13:59:25 INFO: Completed 200 OK in 18ms (Views: 8.5ms | ActiveRecord: 2.2ms) 
13:59:25 DEBUG:   [1m[36mSQL (0.4ms)[0m  [1mBEGIN[0m 
13:59:25 DEBUG:   [1m[35mSQL (3.2ms)[0m  INSERT INTO `users` (`account`, `balance`, `created_at`, `id`, `name`, `pin`, `updated_at`) VALUES (?, ?, ?, ?, ?, ?, ?)  [["account", 1206], ["balance", 500.0], ["created_at", Tue, 10 Mar 2015 08:29:25 UTC +00:00], ["id", 1], ["name", "David"], ["pin", 1234], ["updated_at", Tue, 10 Mar 2015 08:29:25 UTC +00:00]] 
13:59:25 ERROR: Mysql::Error: Duplicate entry '1' for key 'PRIMARY': INSERT INTO `users` (`account`, `balance`, `created_at`, `id`, `name`, `pin`, `updated_at`) VALUES (?, ?, ?, ?, ?, ?, ?) 
13:59:25 DEBUG:   [1m[36m (0.3ms)[0m  [1mROLLBACK[0m 
13:59:25 DEBUG:   [1m[35mUser Load (0.6ms)[0m  SELECT `users`.* FROM `users` WHERE `users`.`account` = 1206 LIMIT 1 
13:59:25 DEBUG:   [1m[36mUser Load (0.5ms)[0m  [1mSELECT `users`.* FROM `users` WHERE `users`.`account` = 1206 LIMIT 1[0m 
14:58:08 DEBUG:  
14:58:08 DEBUG:  
14:58:08 INFO: Started GET "/logout" for 127.0.0.1 at 2015-03-10 14:58:08 +0530 
14:58:09 INFO: Processing by UsersController#destroy as HTML 
14:58:09 INFO: Redirected to http://localhost:3000/ 
14:58:09 INFO: Completed 302 Found in 3ms (ActiveRecord: 0.0ms) 
14:58:09 DEBUG:  
14:58:09 DEBUG:  
14:58:09 INFO: Started GET "/" for 127.0.0.1 at 2015-03-10 14:58:09 +0530 
14:58:09 INFO: Processing by UsersController#index as HTML 
14:58:09 INFO: Index User info 
14:58:09 INFO: sample text 
14:58:09 WARN: DEPRECATION WARNING: Calling #find(:first) is deprecated. Please call #first directly instead. You have also used finder options. These are also deprecated. Please build a scope instead of using finder options. (called from index at /home/verexo/git/anytimemoney/app/controllers/users_controller.rb:6) 
14:58:09 DEBUG:   [1m[35mUser Load (0.5ms)[0m  SELECT `users`.* FROM `users` WHERE (account = NULL) ORDER BY `users`.`id` ASC LIMIT 1 
14:58:09 INFO:   Rendered users/index.html.erb within layouts/application (1.7ms) 
14:58:09 INFO: Completed 200 OK in 13ms (Views: 8.5ms | ActiveRecord: 0.5ms) 
